  spl_sqrt.c
  sin_table_1024.c
  ns_core.c
e:\testcode\webrtc_aecm\webrtc_ns\ns_core.c(999): warning C4244: “=”: 从“double”转换到“float”，可能丢失数据
e:\testcode\webrtc_aecm\webrtc_ns\ns_core.c(1002): warning C4244: “=”: 从“double”转换到“float”，可能丢失数据
e:\testcode\webrtc_aecm\webrtc_ns\ns_core.c(1021): warning C4244: “=”: 从“double”转换到“float”，可能丢失数据
e:\testcode\webrtc_aecm\webrtc_ns\ns_core.c(1024): warning C4244: “=”: 从“double”转换到“float”，可能丢失数据
e:\testcode\webrtc_aecm\webrtc_ns\ns_core.c(1077): warning C4244: “=”: 从“double”转换到“float”，可能丢失数据
e:\testcode\webrtc_aecm\webrtc_ns\ns_core.c(1080): warning C4244: “=”: 从“double”转换到“float”，可能丢失数据
e:\testcode\webrtc_aecm\webrtc_ns\ns_core.c(1088): warning C4244: “=”: 从“double”转换到“float”，可能丢失数据
  nsx_core_neon.c
  nsx_core.c
  norm_w32.c
  norm_w16.c
  norm_u32.c
  noise_suppression_x.c
  noise_suppression.c
  min_max_operations.c
  get_size_in_bits.c
  get_scaling_square.c
  fft4g.c
  energy.c
  division_operations.c
  copy_set_operations.c
  complex_ifft.c
  complex_fft.c
  complex_bit_reverse.c
  正在生成代码...
  正在编译...
  add_sat_w16.c
  正在生成代码...
  TestNS.cpp
  WebRTC_NS.vcxproj -> E:\TestCode\WebRTC_AECM\Debug\WebRTC_NS.exe
