D:\bling\src\webrtc\vad\proj\vad\Debug\cl.command.1.tlog
D:\bling\src\webrtc\vad\proj\vad\Debug\CL.read.1.tlog
D:\bling\src\webrtc\vad\proj\vad\Debug\CL.write.1.tlog
D:\BLING\SRC\WEBRTC\VAD\PROJ\VAD\DEBUG\DIVISION_OPERATIONS.OBJ
D:\BLING\SRC\WEBRTC\VAD\PROJ\VAD\DEBUG\ENERGY.OBJ
D:\BLING\SRC\WEBRTC\VAD\PROJ\VAD\DEBUG\GET_SCALING_SQUARE.OBJ
D:\BLING\SRC\WEBRTC\VAD\PROJ\VAD\DEBUG\GET_SIZE_IN_BITS.OBJ
D:\bling\src\webrtc\vad\proj\vad\Debug\link.3188.read.1.tlog
D:\bling\src\webrtc\vad\proj\vad\Debug\link.3188.write.1.tlog
D:\bling\src\webrtc\vad\proj\vad\Debug\link.3188-cvtres.read.1.tlog
D:\bling\src\webrtc\vad\proj\vad\Debug\link.3188-cvtres.write.1.tlog
D:\bling\src\webrtc\vad\proj\vad\Debug\link.command.1.tlog
D:\bling\src\webrtc\vad\proj\vad\Debug\link.read.1.tlog
D:\bling\src\webrtc\vad\proj\vad\Debug\link.write.1.tlog
D:\bling\src\webrtc\vad\proj\vad\Debug\link-cvtres.read.1.tlog
D:\bling\src\webrtc\vad\proj\vad\Debug\link-cvtres.write.1.tlog
D:\bling\src\webrtc\vad\proj\vad\Debug\mt.command.1.tlog
D:\bling\src\webrtc\vad\proj\vad\Debug\mt.read.1.tlog
D:\bling\src\webrtc\vad\proj\vad\Debug\mt.write.1.tlog
D:\BLING\SRC\WEBRTC\VAD\PROJ\VAD\DEBUG\NORM_U32.OBJ
D:\BLING\SRC\WEBRTC\VAD\PROJ\VAD\DEBUG\NORM_W32.OBJ
D:\bling\src\webrtc\vad\proj\vad\Debug\rc.command.1.tlog
D:\bling\src\webrtc\vad\proj\vad\Debug\rc.read.1.tlog
D:\bling\src\webrtc\vad\proj\vad\Debug\rc.write.1.tlog
D:\BLING\SRC\WEBRTC\VAD\PROJ\VAD\DEBUG\TESTVAD.OBJ
D:\BLING\SRC\WEBRTC\VAD\PROJ\VAD\DEBUG\VAD.EXE
D:\BLING\SRC\WEBRTC\VAD\PROJ\VAD\DEBUG\VAD.EXE.EMBED.MANIFEST
D:\BLING\SRC\WEBRTC\VAD\PROJ\VAD\DEBUG\VAD.EXE.EMBED.MANIFEST.RES
D:\BLING\SRC\WEBRTC\VAD\PROJ\VAD\DEBUG\VAD.EXE.INTERMEDIATE.MANIFEST
D:\BLING\SRC\WEBRTC\VAD\PROJ\VAD\DEBUG\VAD.ILK
D:\BLING\SRC\WEBRTC\VAD\PROJ\VAD\DEBUG\VAD.PDB
D:\bling\src\webrtc\vad\proj\vad\Debug\vad.vcxprojResolveAssemblyReference.cache
D:\bling\src\webrtc\vad\proj\vad\Debug\vad.write.1.tlog
D:\BLING\SRC\WEBRTC\VAD\PROJ\VAD\DEBUG\VAD_CONST.OBJ
D:\BLING\SRC\WEBRTC\VAD\PROJ\VAD\DEBUG\VAD_CORE.OBJ
D:\BLING\SRC\WEBRTC\VAD\PROJ\VAD\DEBUG\VAD_FILTERBANK.OBJ
D:\BLING\SRC\WEBRTC\VAD\PROJ\VAD\DEBUG\VAD_GMM.OBJ
D:\bling\src\webrtc\vad\proj\vad\Debug\vad_manifest.rc
D:\BLING\SRC\WEBRTC\VAD\PROJ\VAD\DEBUG\VAD_SP.OBJ
D:\bling\src\webrtc\vad\proj\vad\Debug\vc100.idb
D:\BLING\SRC\WEBRTC\VAD\PROJ\VAD\DEBUG\VC100.PDB
D:\BLING\SRC\WEBRTC\VAD\PROJ\VAD\DEBUG\WEBRTC_VAD.OBJ
