Build started 2016/9/5 18:50:32.
     1>Project "D:\bling\src\webrtc\vad\proj\vad\vad.vcxproj" on node 2 (build target(s)).
     1>InitializeBuildStatus:
         Creating "Debug\vad.unsuccessfulbuild" because "AlwaysCreate" was specified.
       ClCompile:
         All outputs are up-to-date.
         C:\Program Files (x86)\Microsoft Visual Studio 10.0\VC\bin\CL.exe /c /ID:\bling\src\webrtc\vad\inc /ZI /nologo /W3 /WX- /Od /Oy- /D WIN32 /D _DEBUG /D _CONSOLE /D _UNICODE /D UNICODE /Gm /EHsc /RTC1 /MDd /GS /fp:precise /Zc:wchar_t /Zc:forScope /Fo"Debug\\" /Fd"Debug\vc100.pdb" /Gd /TP /analyze- /errorReport:prompt ..\..\src\TestVAD.cpp
         TestVAD.cpp
     1>d:\bling\src\webrtc\vad\src\testvad.cpp(37): warning C4996: 'strcpy': This function or variable may be unsafe. Consider using strcpy_s instead. To disable deprecation, use _CRT_SECURE_NO_WARNINGS. See online help for details.
                 c:\program files (x86)\microsoft visual studio 10.0\vc\include\string.h(105) : see declaration of 'strcpy'
     1>d:\bling\src\webrtc\vad\src\testvad.cpp(38): warning C4996: 'strcpy': This function or variable may be unsafe. Consider using strcpy_s instead. To disable deprecation, use _CRT_SECURE_NO_WARNINGS. See online help for details.
                 c:\program files (x86)\microsoft visual studio 10.0\vc\include\string.h(105) : see declaration of 'strcpy'
     1>d:\bling\src\webrtc\vad\src\testvad.cpp(108): warning C4996: 'fopen': This function or variable may be unsafe. Consider using fopen_s instead. To disable deprecation, use _CRT_SECURE_NO_WARNINGS. See online help for details.
                 c:\program files (x86)\microsoft visual studio 10.0\vc\include\stdio.h(234) : see declaration of 'fopen'
     1>d:\bling\src\webrtc\vad\src\testvad.cpp(115): warning C4996: 'fopen': This function or variable may be unsafe. Consider using fopen_s instead. To disable deprecation, use _CRT_SECURE_NO_WARNINGS. See online help for details.
                 c:\program files (x86)\microsoft visual studio 10.0\vc\include\stdio.h(234) : see declaration of 'fopen'
       ManifestResourceCompile:
         All outputs are up-to-date.
       Link:
         C:\Program Files (x86)\Microsoft Visual Studio 10.0\VC\bin\link.exe /ERRORREPORT:PROMPT /OUT:"D:\bling\src\webrtc\vad\proj\vad\Debug\vad.exe" /INCREMENTAL /NOLOGO kernel32.lib user32.lib gdi32.lib winspool.lib comdlg32.lib advapi32.lib shell32.lib ole32.lib oleaut32.lib uuid.lib odbc32.lib odbccp32.lib /MANIFEST /ManifestFile:"Debug\vad.exe.intermediate.manifest" /MANIFESTUAC:"level='asInvoker' uiAccess='false'" /DEBUG /PDB:"D:\bling\src\webrtc\vad\proj\vad\Debug\vad.pdb" /SUBSYSTEM:CONSOLE /TLBID:1 /DYNAMICBASE /NXCOMPAT /IMPLIB:"D:\bling\src\webrtc\vad\proj\vad\Debug\vad.lib" /MACHINE:X86 Debug\vad.exe.embed.manifest.res
         Debug\division_operations.obj
         Debug\energy.obj
         Debug\get_scaling_square.obj
         Debug\get_size_in_bits.obj
         Debug\norm_u32.obj
         Debug\norm_w32.obj
         Debug\TestVAD.obj
         Debug\vad_const.obj
         Debug\vad_core.obj
         Debug\vad_filterbank.obj
         Debug\vad_gmm.obj
         Debug\vad_sp.obj
         Debug\webrtc_vad.obj
       Manifest:
         C:\Program Files (x86)\Microsoft SDKs\Windows\v7.0A\bin\mt.exe /nologo /verbose /out:"Debug\vad.exe.embed.manifest" /manifest Debug\vad.exe.intermediate.manifest
         All outputs are up-to-date.
       LinkEmbedManifest:
         All outputs are up-to-date.
         vad.vcxproj -> D:\bling\src\webrtc\vad\proj\vad\Debug\vad.exe
       FinalizeBuildStatus:
         Deleting file "Debug\vad.unsuccessfulbuild".
         Touching "Debug\vad.lastbuildstate".
     1>Done Building Project "D:\bling\src\webrtc\vad\proj\vad\vad.vcxproj" (build target(s)).

Build succeeded.

Time Elapsed 00:00:00.59
